C:\Program Files\Microsoft Visual Studio\2022\Community\MSBuild\Microsoft\VC\v170\Microsoft.CppBuild.targets(538,5): warning MSB8028: El directorio intermedio (Debug\) contiene archivos compartidos de otro proyecto (319095706_REPORTE10_GPO8.vcxproj, ProyectoFinal.vcxproj). Esto puede dar lugar a un comportamiento incorrecto de limpieza y recompilación.
  319095706_PROYECTOFINAL2026-1_GPO08.cpp
C:\Users\eriky\OneDrive\Escritorio\lab compu grafica\ProyectoFinal\319095706_PROYECTOFINAL2026-1_GPO08\319095706_PROYECTOFINAL2026-1_GPO08\319095706_PROYECTOFINAL2026-1_GPO08.cpp(108,55): warning C4566: el carácter representado por el nombre de carácter universal '\uFFFD' no se puede representar en la página de códigos actual (1252)
C:\Users\eriky\OneDrive\Escritorio\lab compu grafica\ProyectoFinal\319095706_PROYECTOFINAL2026-1_GPO08\319095706_PROYECTOFINAL2026-1_GPO08\319095706_PROYECTOFINAL2026-1_GPO08.cpp(384,24): warning C4244: 'inicializando': conversión de 'double' a 'GLfloat'; posible pérdida de datos
C:\Users\eriky\OneDrive\Escritorio\lab compu grafica\ProyectoFinal\319095706_PROYECTOFINAL2026-1_GPO08\319095706_PROYECTOFINAL2026-1_GPO08\319095706_PROYECTOFINAL2026-1_GPO08.cpp(414,21): warning C4244: '=': conversión de 'double' a 'T'; posible pérdida de datos
C:\Users\eriky\OneDrive\Escritorio\lab compu grafica\ProyectoFinal\319095706_PROYECTOFINAL2026-1_GPO08\319095706_PROYECTOFINAL2026-1_GPO08\319095706_PROYECTOFINAL2026-1_GPO08.cpp(414,21): warning C4244:         with
C:\Users\eriky\OneDrive\Escritorio\lab compu grafica\ProyectoFinal\319095706_PROYECTOFINAL2026-1_GPO08\319095706_PROYECTOFINAL2026-1_GPO08\319095706_PROYECTOFINAL2026-1_GPO08.cpp(414,21): warning C4244:         [
C:\Users\eriky\OneDrive\Escritorio\lab compu grafica\ProyectoFinal\319095706_PROYECTOFINAL2026-1_GPO08\319095706_PROYECTOFINAL2026-1_GPO08\319095706_PROYECTOFINAL2026-1_GPO08.cpp(414,21): warning C4244:             T=float
C:\Users\eriky\OneDrive\Escritorio\lab compu grafica\ProyectoFinal\319095706_PROYECTOFINAL2026-1_GPO08\319095706_PROYECTOFINAL2026-1_GPO08\319095706_PROYECTOFINAL2026-1_GPO08.cpp(414,21): warning C4244:         ]
C:\Users\eriky\OneDrive\Escritorio\lab compu grafica\ProyectoFinal\319095706_PROYECTOFINAL2026-1_GPO08\319095706_PROYECTOFINAL2026-1_GPO08\319095706_PROYECTOFINAL2026-1_GPO08.cpp(415,21): warning C4244: '=': conversión de 'double' a 'T'; posible pérdida de datos
C:\Users\eriky\OneDrive\Escritorio\lab compu grafica\ProyectoFinal\319095706_PROYECTOFINAL2026-1_GPO08\319095706_PROYECTOFINAL2026-1_GPO08\319095706_PROYECTOFINAL2026-1_GPO08.cpp(415,21): warning C4244:         with
C:\Users\eriky\OneDrive\Escritorio\lab compu grafica\ProyectoFinal\319095706_PROYECTOFINAL2026-1_GPO08\319095706_PROYECTOFINAL2026-1_GPO08\319095706_PROYECTOFINAL2026-1_GPO08.cpp(415,21): warning C4244:         [
C:\Users\eriky\OneDrive\Escritorio\lab compu grafica\ProyectoFinal\319095706_PROYECTOFINAL2026-1_GPO08\319095706_PROYECTOFINAL2026-1_GPO08\319095706_PROYECTOFINAL2026-1_GPO08.cpp(415,21): warning C4244:             T=float
C:\Users\eriky\OneDrive\Escritorio\lab compu grafica\ProyectoFinal\319095706_PROYECTOFINAL2026-1_GPO08\319095706_PROYECTOFINAL2026-1_GPO08\319095706_PROYECTOFINAL2026-1_GPO08.cpp(415,21): warning C4244:         ]
C:\Users\eriky\OneDrive\Escritorio\lab compu grafica\ProyectoFinal\319095706_PROYECTOFINAL2026-1_GPO08\319095706_PROYECTOFINAL2026-1_GPO08\319095706_PROYECTOFINAL2026-1_GPO08.cpp(416,21): warning C4244: '=': conversión de 'double' a 'T'; posible pérdida de datos
C:\Users\eriky\OneDrive\Escritorio\lab compu grafica\ProyectoFinal\319095706_PROYECTOFINAL2026-1_GPO08\319095706_PROYECTOFINAL2026-1_GPO08\319095706_PROYECTOFINAL2026-1_GPO08.cpp(416,21): warning C4244:         with
C:\Users\eriky\OneDrive\Escritorio\lab compu grafica\ProyectoFinal\319095706_PROYECTOFINAL2026-1_GPO08\319095706_PROYECTOFINAL2026-1_GPO08\319095706_PROYECTOFINAL2026-1_GPO08.cpp(416,21): warning C4244:         [
C:\Users\eriky\OneDrive\Escritorio\lab compu grafica\ProyectoFinal\319095706_PROYECTOFINAL2026-1_GPO08\319095706_PROYECTOFINAL2026-1_GPO08\319095706_PROYECTOFINAL2026-1_GPO08.cpp(416,21): warning C4244:             T=float
C:\Users\eriky\OneDrive\Escritorio\lab compu grafica\ProyectoFinal\319095706_PROYECTOFINAL2026-1_GPO08\319095706_PROYECTOFINAL2026-1_GPO08\319095706_PROYECTOFINAL2026-1_GPO08.cpp(416,21): warning C4244:         ]
C:\Users\eriky\OneDrive\Escritorio\lab compu grafica\ProyectoFinal\319095706_PROYECTOFINAL2026-1_GPO08\319095706_PROYECTOFINAL2026-1_GPO08\319095706_PROYECTOFINAL2026-1_GPO08.cpp(905,20): warning C4305: '=': truncamiento de 'double' a 'float'
C:\Users\eriky\OneDrive\Escritorio\lab compu grafica\ProyectoFinal\319095706_PROYECTOFINAL2026-1_GPO08\319095706_PROYECTOFINAL2026-1_GPO08\319095706_PROYECTOFINAL2026-1_GPO08.cpp(963,11): warning C4244: '=': conversión de 'double' a 'GLfloat'; posible pérdida de datos
C:\Users\eriky\OneDrive\Escritorio\lab compu grafica\ProyectoFinal\319095706_PROYECTOFINAL2026-1_GPO08\319095706_PROYECTOFINAL2026-1_GPO08\319095706_PROYECTOFINAL2026-1_GPO08.cpp(964,11): warning C4244: '=': conversión de 'double' a 'GLfloat'; posible pérdida de datos
C:\Users\eriky\OneDrive\Escritorio\lab compu grafica\ProyectoFinal\319095706_PROYECTOFINAL2026-1_GPO08\319095706_PROYECTOFINAL2026-1_GPO08\319095706_PROYECTOFINAL2026-1_GPO08.cpp(968,18): warning C4244: 'inicializando': conversión de 'double' a 'GLfloat'; posible pérdida de datos
C:\Users\eriky\OneDrive\Escritorio\lab compu grafica\ProyectoFinal\319095706_PROYECTOFINAL2026-1_GPO08\319095706_PROYECTOFINAL2026-1_GPO08\319095706_PROYECTOFINAL2026-1_GPO08.cpp(969,18): warning C4244: 'inicializando': conversión de 'double' a 'GLfloat'; posible pérdida de datos
C:\Users\eriky\OneDrive\Escritorio\lab compu grafica\ProyectoFinal\319095706_PROYECTOFINAL2026-1_GPO08\319095706_PROYECTOFINAL2026-1_GPO08\319095706_PROYECTOFINAL2026-1_GPO08.cpp(971,10): warning C4244: '=': conversión de 'double' a 'GLfloat'; posible pérdida de datos
C:\Users\eriky\OneDrive\Escritorio\lab compu grafica\ProyectoFinal\319095706_PROYECTOFINAL2026-1_GPO08\319095706_PROYECTOFINAL2026-1_GPO08\319095706_PROYECTOFINAL2026-1_GPO08.cpp(972,10): warning C4244: '=': conversión de 'double' a 'GLfloat'; posible pérdida de datos
LINK : warning LNK4098: la biblioteca predeterminada'MSVCRT' entra en conflicto con otras bibliotecas; use la biblioteca /NODEFAULTLIB:biblioteca
soil2-debug.lib(etc1_utils.obj) : warning LNK4099: no se encontró PDB 'soil2-debug.pdb' con 'soil2-debug.lib(etc1_utils.obj)' o en 'C:\Users\eriky\OneDrive\Escritorio\lab compu grafica\ProyectoFinal\319095706_PROYECTOFINAL2026-1_GPO08\Debug\soil2-debug.pdb'; se vinculará el objeto sin tener en cuenta información de depuración
soil2-debug.lib(image_DXT.obj) : warning LNK4099: no se encontró PDB 'soil2-debug.pdb' con 'soil2-debug.lib(image_DXT.obj)' o en 'C:\Users\eriky\OneDrive\Escritorio\lab compu grafica\ProyectoFinal\319095706_PROYECTOFINAL2026-1_GPO08\Debug\soil2-debug.pdb'; se vinculará el objeto sin tener en cuenta información de depuración
soil2-debug.lib(image_helper.obj) : warning LNK4099: no se encontró PDB 'soil2-debug.pdb' con 'soil2-debug.lib(image_helper.obj)' o en 'C:\Users\eriky\OneDrive\Escritorio\lab compu grafica\ProyectoFinal\319095706_PROYECTOFINAL2026-1_GPO08\Debug\soil2-debug.pdb'; se vinculará el objeto sin tener en cuenta información de depuración
soil2-debug.lib(SOIL2.obj) : warning LNK4099: no se encontró PDB 'soil2-debug.pdb' con 'soil2-debug.lib(SOIL2.obj)' o en 'C:\Users\eriky\OneDrive\Escritorio\lab compu grafica\ProyectoFinal\319095706_PROYECTOFINAL2026-1_GPO08\Debug\soil2-debug.pdb'; se vinculará el objeto sin tener en cuenta información de depuración
  319095706_PROYECTOFINAL2026-1_GPO08.vcxproj -> C:\Users\eriky\OneDrive\Escritorio\lab compu grafica\ProyectoFinal\319095706_PROYECTOFINAL2026-1_GPO08\Debug\319095706_PROYECTOFINAL2026-1_GPO08.exe
