C:\Program Files\Microsoft Visual Studio\2022\Community\MSBuild\Microsoft\VC\v170\Microsoft.CppBuild.targets(538,5): warning MSB8028: El directorio intermedio (Debug\) contiene archivos compartidos de otro proyecto (319095706_PROYECTOFINAL2026-1_GPO08.vcxproj, 319095706_REPORTE10_GPO8.vcxproj, ProyectoFinal.vcxproj). Esto puede dar lugar a un comportamiento incorrecto de limpieza y recompilación.
  319095706_PROYECTOFINAL2026-1_GPO05.cpp
C:\Users\eriky\OneDrive\Escritorio\Compu Grafica\proyectofinal\319095706_PROYECTOFINAL2026-1_GPO05\319095706_PROYECTOFINAL2026-1_GPO05\319095706_PROYECTOFINAL2026-1_GPO05.cpp(411,24): warning C4244: 'inicializando': conversión de 'double' a 'GLfloat'; posible pérdida de datos
C:\Users\eriky\OneDrive\Escritorio\Compu Grafica\proyectofinal\319095706_PROYECTOFINAL2026-1_GPO05\319095706_PROYECTOFINAL2026-1_GPO05\319095706_PROYECTOFINAL2026-1_GPO05.cpp(441,21): warning C4244: '=': conversión de 'double' a 'T'; posible pérdida de datos
C:\Users\eriky\OneDrive\Escritorio\Compu Grafica\proyectofinal\319095706_PROYECTOFINAL2026-1_GPO05\319095706_PROYECTOFINAL2026-1_GPO05\319095706_PROYECTOFINAL2026-1_GPO05.cpp(441,21): warning C4244:         with
C:\Users\eriky\OneDrive\Escritorio\Compu Grafica\proyectofinal\319095706_PROYECTOFINAL2026-1_GPO05\319095706_PROYECTOFINAL2026-1_GPO05\319095706_PROYECTOFINAL2026-1_GPO05.cpp(441,21): warning C4244:         [
C:\Users\eriky\OneDrive\Escritorio\Compu Grafica\proyectofinal\319095706_PROYECTOFINAL2026-1_GPO05\319095706_PROYECTOFINAL2026-1_GPO05\319095706_PROYECTOFINAL2026-1_GPO05.cpp(441,21): warning C4244:             T=float
C:\Users\eriky\OneDrive\Escritorio\Compu Grafica\proyectofinal\319095706_PROYECTOFINAL2026-1_GPO05\319095706_PROYECTOFINAL2026-1_GPO05\319095706_PROYECTOFINAL2026-1_GPO05.cpp(441,21): warning C4244:         ]
C:\Users\eriky\OneDrive\Escritorio\Compu Grafica\proyectofinal\319095706_PROYECTOFINAL2026-1_GPO05\319095706_PROYECTOFINAL2026-1_GPO05\319095706_PROYECTOFINAL2026-1_GPO05.cpp(442,21): warning C4244: '=': conversión de 'double' a 'T'; posible pérdida de datos
C:\Users\eriky\OneDrive\Escritorio\Compu Grafica\proyectofinal\319095706_PROYECTOFINAL2026-1_GPO05\319095706_PROYECTOFINAL2026-1_GPO05\319095706_PROYECTOFINAL2026-1_GPO05.cpp(442,21): warning C4244:         with
C:\Users\eriky\OneDrive\Escritorio\Compu Grafica\proyectofinal\319095706_PROYECTOFINAL2026-1_GPO05\319095706_PROYECTOFINAL2026-1_GPO05\319095706_PROYECTOFINAL2026-1_GPO05.cpp(442,21): warning C4244:         [
C:\Users\eriky\OneDrive\Escritorio\Compu Grafica\proyectofinal\319095706_PROYECTOFINAL2026-1_GPO05\319095706_PROYECTOFINAL2026-1_GPO05\319095706_PROYECTOFINAL2026-1_GPO05.cpp(442,21): warning C4244:             T=float
C:\Users\eriky\OneDrive\Escritorio\Compu Grafica\proyectofinal\319095706_PROYECTOFINAL2026-1_GPO05\319095706_PROYECTOFINAL2026-1_GPO05\319095706_PROYECTOFINAL2026-1_GPO05.cpp(442,21): warning C4244:         ]
C:\Users\eriky\OneDrive\Escritorio\Compu Grafica\proyectofinal\319095706_PROYECTOFINAL2026-1_GPO05\319095706_PROYECTOFINAL2026-1_GPO05\319095706_PROYECTOFINAL2026-1_GPO05.cpp(443,21): warning C4244: '=': conversión de 'double' a 'T'; posible pérdida de datos
C:\Users\eriky\OneDrive\Escritorio\Compu Grafica\proyectofinal\319095706_PROYECTOFINAL2026-1_GPO05\319095706_PROYECTOFINAL2026-1_GPO05\319095706_PROYECTOFINAL2026-1_GPO05.cpp(443,21): warning C4244:         with
C:\Users\eriky\OneDrive\Escritorio\Compu Grafica\proyectofinal\319095706_PROYECTOFINAL2026-1_GPO05\319095706_PROYECTOFINAL2026-1_GPO05\319095706_PROYECTOFINAL2026-1_GPO05.cpp(443,21): warning C4244:         [
C:\Users\eriky\OneDrive\Escritorio\Compu Grafica\proyectofinal\319095706_PROYECTOFINAL2026-1_GPO05\319095706_PROYECTOFINAL2026-1_GPO05\319095706_PROYECTOFINAL2026-1_GPO05.cpp(443,21): warning C4244:             T=float
C:\Users\eriky\OneDrive\Escritorio\Compu Grafica\proyectofinal\319095706_PROYECTOFINAL2026-1_GPO05\319095706_PROYECTOFINAL2026-1_GPO05\319095706_PROYECTOFINAL2026-1_GPO05.cpp(443,21): warning C4244:         ]
C:\Users\eriky\OneDrive\Escritorio\Compu Grafica\proyectofinal\319095706_PROYECTOFINAL2026-1_GPO05\319095706_PROYECTOFINAL2026-1_GPO05\319095706_PROYECTOFINAL2026-1_GPO05.cpp(1080,20): warning C4305: '=': truncamiento de 'double' a 'float'
C:\Users\eriky\OneDrive\Escritorio\Compu Grafica\proyectofinal\319095706_PROYECTOFINAL2026-1_GPO05\319095706_PROYECTOFINAL2026-1_GPO05\319095706_PROYECTOFINAL2026-1_GPO05.cpp(1164,11): warning C4244: '=': conversión de 'double' a 'GLfloat'; posible pérdida de datos
C:\Users\eriky\OneDrive\Escritorio\Compu Grafica\proyectofinal\319095706_PROYECTOFINAL2026-1_GPO05\319095706_PROYECTOFINAL2026-1_GPO05\319095706_PROYECTOFINAL2026-1_GPO05.cpp(1165,11): warning C4244: '=': conversión de 'double' a 'GLfloat'; posible pérdida de datos
C:\Users\eriky\OneDrive\Escritorio\Compu Grafica\proyectofinal\319095706_PROYECTOFINAL2026-1_GPO05\319095706_PROYECTOFINAL2026-1_GPO05\319095706_PROYECTOFINAL2026-1_GPO05.cpp(1169,18): warning C4244: 'inicializando': conversión de 'double' a 'GLfloat'; posible pérdida de datos
C:\Users\eriky\OneDrive\Escritorio\Compu Grafica\proyectofinal\319095706_PROYECTOFINAL2026-1_GPO05\319095706_PROYECTOFINAL2026-1_GPO05\319095706_PROYECTOFINAL2026-1_GPO05.cpp(1170,18): warning C4244: 'inicializando': conversión de 'double' a 'GLfloat'; posible pérdida de datos
C:\Users\eriky\OneDrive\Escritorio\Compu Grafica\proyectofinal\319095706_PROYECTOFINAL2026-1_GPO05\319095706_PROYECTOFINAL2026-1_GPO05\319095706_PROYECTOFINAL2026-1_GPO05.cpp(1172,10): warning C4244: '=': conversión de 'double' a 'GLfloat'; posible pérdida de datos
C:\Users\eriky\OneDrive\Escritorio\Compu Grafica\proyectofinal\319095706_PROYECTOFINAL2026-1_GPO05\319095706_PROYECTOFINAL2026-1_GPO05\319095706_PROYECTOFINAL2026-1_GPO05.cpp(1173,10): warning C4244: '=': conversión de 'double' a 'GLfloat'; posible pérdida de datos
LINK : warning LNK4098: la biblioteca predeterminada'MSVCRT' entra en conflicto con otras bibliotecas; use la biblioteca /NODEFAULTLIB:biblioteca
soil2-debug.lib(etc1_utils.obj) : warning LNK4099: no se encontró PDB 'soil2-debug.pdb' con 'soil2-debug.lib(etc1_utils.obj)' o en 'C:\Users\eriky\OneDrive\Escritorio\Compu Grafica\proyectofinal\319095706_PROYECTOFINAL2026-1_GPO05\Debug\soil2-debug.pdb'; se vinculará el objeto sin tener en cuenta información de depuración
soil2-debug.lib(image_DXT.obj) : warning LNK4099: no se encontró PDB 'soil2-debug.pdb' con 'soil2-debug.lib(image_DXT.obj)' o en 'C:\Users\eriky\OneDrive\Escritorio\Compu Grafica\proyectofinal\319095706_PROYECTOFINAL2026-1_GPO05\Debug\soil2-debug.pdb'; se vinculará el objeto sin tener en cuenta información de depuración
soil2-debug.lib(image_helper.obj) : warning LNK4099: no se encontró PDB 'soil2-debug.pdb' con 'soil2-debug.lib(image_helper.obj)' o en 'C:\Users\eriky\OneDrive\Escritorio\Compu Grafica\proyectofinal\319095706_PROYECTOFINAL2026-1_GPO05\Debug\soil2-debug.pdb'; se vinculará el objeto sin tener en cuenta información de depuración
soil2-debug.lib(SOIL2.obj) : warning LNK4099: no se encontró PDB 'soil2-debug.pdb' con 'soil2-debug.lib(SOIL2.obj)' o en 'C:\Users\eriky\OneDrive\Escritorio\Compu Grafica\proyectofinal\319095706_PROYECTOFINAL2026-1_GPO05\Debug\soil2-debug.pdb'; se vinculará el objeto sin tener en cuenta información de depuración
  319095706_PROYECTOFINAL2026-1_GPO05.vcxproj -> C:\Users\eriky\OneDrive\Escritorio\Compu Grafica\proyectofinal\319095706_PROYECTOFINAL2026-1_GPO05\Debug\319095706_PROYECTOFINAL2026-1_GPO05.exe
